2013-09-16 13:40:36,082 - [INFO] - from play in pool-8-thread-1 
Listening for HTTP on /0:0:0:0:0:0:0:0:9001

2013-09-16 13:42:43,092 - [INFO] - from play in play-internal-execution-context-1 
database [default] connected at jdbc:oracle:thin:@localhost:1527:devtest

2013-09-16 13:42:43,224 - [INFO] - from play in play-internal-execution-context-1 
Application started (Dev)

2013-09-16 13:43:24,323 - [INFO] - from play in play-internal-execution-context-1 
database [default] connected at jdbc:oracle:thin:@localhost:1527:devtest

2013-09-16 13:43:24,330 - [INFO] - from play in play-internal-execution-context-1 
Application started (Dev)

2013-09-16 13:45:35,210 - [INFO] - from play in play-internal-execution-context-1 
database [default] connected at jdbc:oracle:thin:@localhost:1527:devtest

2013-09-16 13:45:35,217 - [INFO] - from play in play-internal-execution-context-1 
Application started (Dev)

2013-09-16 13:47:08,113 - [INFO] - from play in play-internal-execution-context-1 
database [default] connected at jdbc:oracle:thin:@localhost:1527:devtest

2013-09-16 13:47:08,122 - [INFO] - from play in play-internal-execution-context-1 
Application started (Dev)

2013-09-16 13:49:19,390 - [INFO] - from play in play-internal-execution-context-1 
database [default] connected at jdbc:oracle:thin:@localhost:1527:devtest

2013-09-16 13:49:19,399 - [INFO] - from play in play-internal-execution-context-1 
Application started (Dev)

2013-09-16 13:49:34,386 - [INFO] - from play in play-internal-execution-context-1 
database [default] connected at jdbc:oracle:thin:@localhost:1527:devtest

2013-09-16 13:49:34,392 - [INFO] - from play in play-internal-execution-context-1 
Application started (Dev)

2013-09-16 13:49:58,687 - [INFO] - from play in play-internal-execution-context-1 
database [default] connected at jdbc:oracle:thin:@localhost:1527:devtest

2013-09-16 13:49:58,695 - [INFO] - from play in play-internal-execution-context-1 
Application started (Dev)

2013-09-16 13:55:32,123 - [INFO] - from play in play-internal-execution-context-1 
database [default] connected at jdbc:oracle:thin:@localhost:1527:devtest

2013-09-16 13:55:32,131 - [INFO] - from play in play-internal-execution-context-1 
Application started (Dev)

2013-09-16 13:59:43,349 - [INFO] - from play in play-internal-execution-context-1 
database [default] connected at jdbc:oracle:thin:@localhost:1527:devtest

2013-09-16 13:59:43,357 - [INFO] - from play in play-internal-execution-context-1 
Application started (Dev)

2013-09-16 14:00:27,891 - [INFO] - from play in play-internal-execution-context-1 
database [default] connected at jdbc:oracle:thin:@localhost:1527:devtest

2013-09-16 14:00:27,898 - [INFO] - from play in play-internal-execution-context-1 
Application started (Dev)

2013-09-16 14:11:25,187 - [INFO] - from play in play-internal-execution-context-1 
database [default] connected at jdbc:oracle:thin:@localhost:1527:devtest

2013-09-16 14:11:25,195 - [INFO] - from play in play-internal-execution-context-1 
Application started (Dev)

2013-09-16 14:12:35,887 - [INFO] - from play in play-internal-execution-context-1 
database [default] connected at jdbc:oracle:thin:@localhost:1527:devtest

2013-09-16 14:12:35,896 - [INFO] - from play in play-internal-execution-context-1 
Application started (Dev)

